<?xml version="1.0" encoding="UTF-8"?>
<!-- Generated by org.testng.reporters.JUnitReportReporter -->
<testsuite hostname="supershuttle-Studio-1558" name="packTwo.Annot3" tests="2" failures="0" timestamp="24 Jun 2016 22:17:59 GMT" time="6.800" errors="0">
  <testcase name="software" time="0.003" classname="packTwo.Annot3"/>
  <testcase name="Login" time="6.797" classname="packTwo.Annot3"/>
</testsuite> <!-- packTwo.Annot3 -->
