<?xml version="1.0" encoding="UTF-8"?>
<!-- Generated by org.testng.reporters.JUnitReportReporter -->
<testsuite hostname="supershuttle-Studio-1558" name="testngFiles.DependecyAnnot" tests="3" failures="0" timestamp="17 Jun 2016 20:20:58 GMT" time="0.017" errors="0">
  <testcase name="OpenBrowser" time="0.002" classname="testngFiles.DependecyAnnot"/>
  <testcase name="flightBooking" time="0.002" classname="testngFiles.DependecyAnnot"/>
  <testcase name="timeRelated" time="0.013" classname="testngFiles.DependecyAnnot"/>
</testsuite> <!-- testngFiles.DependecyAnnot -->
