<?xml version="1.0" encoding="UTF-8"?>
<!-- Generated by org.testng.reporters.JUnitReportReporter -->
<testsuite hostname="supershuttle-Studio-1558" name="packTwo.Annotations" tests="2" failures="0" timestamp="17 Jun 2016 20:20:58 GMT" time="0.005" errors="0">
  <testcase name="flightBooking" time="0.003" classname="packTwo.Annotations"/>
  <testcase name="aOpenBrowser" time="0.002" classname="packTwo.Annotations"/>
</testsuite> <!-- packTwo.Annotations -->
