<?xml version="1.0" encoding="UTF-8"?>
<!-- Generated by org.testng.reporters.JUnitReportReporter -->
<testsuite hostname="supershuttle-Studio-1558" name="datadriven.Annotations" tests="3" failures="0" timestamp="23 Jun 2016 20:22:48 GMT" time="0.044" errors="0">
  <testcase name="userId" time="0.004" classname="datadriven.Annotations"/>
  <testcase name="userId" time="0.013" classname="datadriven.Annotations"/>
  <testcase name="userId" time="0.027" classname="datadriven.Annotations"/>
</testsuite> <!-- datadriven.Annotations -->
