<?xml version="1.0" encoding="UTF-8"?>
<!-- Generated by org.testng.reporters.JUnitReportReporter -->
<testsuite hostname="supershuttle-Studio-1558" name="packTwo.Annot2" tests="1" failures="0" timestamp="17 Jun 2016 20:20:58 GMT" time="0.003" errors="0">
  <testcase name="software" time="0.003" classname="packTwo.Annot2"/>
</testsuite> <!-- packTwo.Annot2 -->
