<?xml version="1.0" encoding="UTF-8"?>
<!-- Generated by org.testng.reporters.JUnitReportReporter -->
<testsuite hostname="supershuttle-Studio-1558" name="testngFiles.Annot2" tests="1" failures="0" timestamp="28 Jun 2016 01:37:15 GMT" time="0.011" errors="0">
  <testcase name="software" time="0.011" classname="testngFiles.Annot2"/>
</testsuite> <!-- testngFiles.Annot2 -->
