<?xml version="1.0" encoding="UTF-8"?>
<!-- Generated by org.testng.reporters.JUnitReportReporter -->
<testsuite hostname="supershuttle-Studio-1558" name="testSuite.ValidateTitle" tests="1" failures="0" timestamp="28 Jun 2016 02:01:43 GMT" time="2.262" errors="0">
  <testcase name="title" time="2.262" classname="testSuite.ValidateTitle"/>
</testsuite> <!-- testSuite.ValidateTitle -->
